<?xml version="1.0" encoding="UTF-8"?>
<!-- Generated by org.testng.reporters.JUnitReportReporter -->
<testsuite skipped="0" hostname="21f2fa390cfb" name="TestExample" tests="2" failures="0" timestamp="2020-08-23T16:59:47 UTC" time="0.011" errors="0">
  <testcase name="FirstTest" time="0.011" classname="TestExample"/>
  <system-out/>
  <testcase name="SecondTest" time="0.000" classname="TestExample"/>
  <system-out/>
</testsuite> <!-- TestExample -->
