<?xml version="1.0" encoding="UTF-8"?>
<!-- Generated by org.testng.reporters.JUnitReportReporter -->
<testsuite hostname="DESKTOP-OPU0OLG" failures="0" tests="1" name="TestExample" time="0.006" errors="0" timestamp="2020-08-15T13:59:07 IST" skipped="0">
  <testcase classname="TestExample" name="FirstTest" time="0.006"/>
  <system-out/>
</testsuite> <!-- TestExample -->
