<?xml version="1.0" encoding="UTF-8"?>
<!-- Generated by org.testng.reporters.JUnitReportReporter -->
<testsuite skipped="0" hostname="DESKTOP-OPU0OLG" name="TestExample" tests="1" failures="0" timestamp="2020-08-23T21:56:11 IST" time="0.007" errors="0">
  <testcase name="FirstTest" time="0.007" classname="TestExample"/>
  <system-out/>
</testsuite> <!-- TestExample -->
